<?xml version="1.0" encoding="UTF-8"?>
<!-- Generated by org.testng.reporters.JUnitReportReporter -->
<testsuite hostname="santhi" name="com.actvadmin.testcases.DasboardTest" tests="1" failures="0" timestamp="5 Jun 2018 18:20:15 GMT" time="40.884" errors="0">
  <testcase name="validatelink" time="40.884" classname="com.actvadmin.testcases.DasboardTest"/>
</testsuite> <!-- com.actvadmin.testcases.DasboardTest -->
